1592590165703:help
1592590176113:request-response
1592595059073:fire-and-forget
1592597664879:help
1592597669377:stream
1592597708084:s
1592604040432:hannel
1592604104993:help
1592604110212:channel
1592604357520:hne
1592604383120:channel
1592671715247:help
1592671748319:stream
1592671968284:request-stream
1592671972659:help
1592671993231:channel
1592672113583:help
1592672122871:exit
1603712310012:help
1603712398125:fire-and-forget
1603712615753:s
1603718339137:help
1603718425865:fire-and-forget
1603720796011:help
1603720851547:fire-and-forget
1603720879662:request-response
1603720950974:stream
1603721072928:s
1603741951056:fire-and-forget
1603744712374:help
1603744729213:stream
1603748821611:s
1603750503064:stream
1603750547638:s
1603750652505:stream
1603751169067:fire-and-forget
1603751357610:stream
1603751379865:s
1603751639964:fire-and-forget
1603751943088:stream
1603833695054:help
1603833735842:request-response
1603840090420:help
1603840131639:fire-and-forget
1603847449369:help
1603847453429:fff
1603847463566:fire-and-forget
1603882572441:help
1603882690698:server-to-client
1603882824201:help
1603882833474:server-to-client
1603882842859:login
1603882880675:login --username leo
1603882900053:login --username leo --password psw
1603883207788:help
1603883212438:server-to-client
1603883226912:login
1603883241578:login --username u --password p
1603883316028:logout
1603883325137:server-to-client
1603883337214:login --username --password
1603883611702:help
1603883618912:server-to-client
1603883632409:login --username * --password *
1603883642839:server-to-client
1607437218866:login
1607437229693:help
1607437242114:stream
1607437283699:login --username user --password pass
1607437290369:stream
1607437300488:2
1607437302504:s
1607438882558:Flux.<String>create(emitter -> {
1607438927223:login --username user --password pass
1607438948571:stream
1607439017112:help
1607439021333:login --username user --password pass
1607439028077:logout
1607439039641:login --username * --password *
1607439051070:stream
1607439065412:s
1607439179792:login --username * --password *
1607439186911:stream
1607439281236:login --username * --password *
1607439285364:stream
1607447767703:login --user * --password *
1607447796876:login --username * --password *
1607447806256:stream
1607447824463:s
1607447837415:channel
1607447890861:s
1607447894677:help
1607447899894:exit
