#
# A fatal error has been detected by the Java Runtime Environment:
#
#  SIGSEGV (0xb) at pc=0x00000001134c5e60, pid=63517, tid=0x0000000000000d03
#
# JRE version: Java(TM) SE Runtime Environment (8.0_121-b13) (build 1.8.0_121-b13)
# Java VM: Java HotSpot(TM) 64-Bit Server VM (25.121-b13 mixed mode bsd-amd64 compressed oops)
# Problematic frame:
# C  [libcalculator.so+0xe60]  Java_com_urbanojvr_jniexample_JavaCalculator_sayHello+0x30
#
# Failed to write core dump. Core dumps have been disabled. To enable core dumping, try "ulimit -c unlimited" before starting Java again
#
# If you would like to submit a bug report, please visit:
#   http://bugreport.java.com/bugreport/crash.jsp
# The crash happened outside the Java Virtual Machine in native code.
# See problematic frame for where to report the bug.
#

---------------  T H R E A D  ---------------

Current thread (0x00007fa17c003800):  JavaThread "main" [_thread_in_native, id=3331, stack(0x0000700002edb000,0x0000700002fdb000)]

siginfo: si_signo: 11 (SIGSEGV), si_code: 1 (SEGV_MAPERR), si_addr: 0x00000000006f6a94

Registers:
RAX=0x0000000000000000, RBX=0x0000700002fd99f0, RCX=0x0000000000000000, RDX=0x00000000006f654c
RSP=0x0000700002fd9a00, RBP=0x0000700002fd9a90, RSI=0x00007fa17c003800, RDI=0x00007fa17af152f0
R8 =0x704cf0298fe000bf, R9 =0x000000010b50090c, R10=0x0000700002fd99f0, R11=0x00000001134c5e30
R12=0x0000000000000000, R13=0x00000001134bc464, R14=0x0000000000000001, R15=0x704cf0298fe000bf
RIP=0x00000001134c5e60, EFLAGS=0x0000000000010246, ERR=0x0000000000000004
  TRAPNO=0x000000000000000e

Top of Stack: (sp=0x0000700002fd9a00)
0x0000700002fd9a00:   0000000000000005 0000000000000000
0x0000700002fd9a10:   000000010b8f0a30 000000010b50090c
0x0000700002fd9a20:   00007fa17af04040 0000000000000002
0x0000700002fd9a30:   0000700002fd9a70 0000000000000005
0x0000700002fd9a40:   00007fa17c003800 00007fa17af152f0
0x0000700002fd9a50:   000000000000009c 000000010b50090c
0x0000700002fd9a60:   0000000000000030 0000000000001530
0x0000700002fd9a70:   0000000000000003 00007fa17af15300
0x0000700002fd9a80:   0000000000000003 704cf0298fe000bf
0x0000700002fd9a90:   0000700002fd9aa0 00000001134bce74
0x0000700002fd9aa0:   000000000000000e 0000700002fda4a8
0x0000700002fd9ab0:   0000700002fd9b70 00000001134bc43d
0x0000700002fd9ac0:   0000000109e24a00 0000700002fd9c50
0x0000700002fd9ad0:   0000700002fd9c38 0000700002fda4a8
0x0000700002fd9ae0:   00000001134c5e30 0000700002fd9bc0
0x0000700002fd9af0:   0000700002fd99f0 0000700002fd9a20
0x0000700002fd9b00:   0000000000000001 0000000000000001
0x0000700002fd9b10:   0000000000000001 0000700002fd9b80
0x0000700002fd9b20:   0000700002fd9aa0 0000700002fd9b90
0x0000700002fd9b30:   0000000000000001 00007fa17ca05bb0
0x0000700002fd9b40:   704cf0298fe000bf 00007fa17c0039f8
0x0000700002fd9b50:   0000700002fd9bc8 0000700002fd9ba0
0x0000700002fd9b60:   0000000000000000 0000000000000000
0x0000700002fd9b70:   0000700002fda490 00000001134b2149
0x0000700002fd9b80:   0000700002fd9bc0 00007fa17c0039f8
0x0000700002fd9b90:   00000001134bd4d0 000000010b31f0e7
0x0000700002fd9ba0:   00007fa17c003800 00007fa17c0039f8
0x0000700002fd9bb0:   0000700002fda4a8 00000001134c5e30
0x0000700002fd9bc0:   00007fa17af152f0 00000001134b1899
0x0000700002fd9bd0:   0000700002fd9c28 ffffffff00000004
0x0000700002fd9be0:   ffffffe0ffffffff 00000001134c5e30
0x0000700002fd9bf0:   0000700002fda4a8 0000000000000001 

Instructions: (pc=0x00000001134c5e60)
0x00000001134c5e40:   8b 05 ca 01 00 00 4d 8b 00 4c 89 45 f8 48 89 7d
0x00000001134c5e50:   b8 48 89 75 b0 48 89 55 a8 48 8b 55 b8 48 8b 12
0x00000001134c5e60:   48 8b 92 48 05 00 00 48 8b 7d b8 48 8b 75 a8 48
0x00000001134c5e70:   89 55 90 48 89 ca 48 8b 4d 90 ff d1 41 b9 32 00 

Register to memory mapping:

RAX=0x0000000000000000 is an unknown value
RBX=0x0000700002fd99f0 is pointing into the stack for thread: 0x00007fa17c003800
RCX=0x0000000000000000 is an unknown value
RDX=0x00000000006f654c is an unknown value
RSP=0x0000700002fd9a00 is pointing into the stack for thread: 0x00007fa17c003800
RBP=0x0000700002fd9a90 is pointing into the stack for thread: 0x00007fa17c003800
RSI=0x00007fa17c003800 is a thread
RDI=0x00007fa17af152f0 is an unknown value
R8 =0x704cf0298fe000bf is an unknown value
R9 =0x000000010b50090c: _ZN17SignatureIterator18iterate_parametersEy+0x14e in /Library/Java/JavaVirtualMachines/jdk1.8.0_121.jdk/Contents/Home/jre/lib/server/libjvm.dylib at 0x000000010b000000
R10=0x0000700002fd99f0 is pointing into the stack for thread: 0x00007fa17c003800
R11=0x00000001134c5e30: Java_com_urbanojvr_jniexample_JavaCalculator_sayHello+0 in /Users/Leo/Documents/EclipseProjects/JNI-JNA-Demo/src/main/java/com/urbanojvr/jniexample/libcalculator.so at 0x00000001134c5000
R12=0x0000000000000000 is an unknown value
R13=0x00000001134bc464: ffi_call+0x414 in /Users/Leo/Library/Caches/JNA/temp/jna1979163403384941748.tmp at 0x00000001134af000
R14=0x0000000000000001 is an unknown value
R15=0x704cf0298fe000bf is an unknown value


Stack: [0x0000700002edb000,0x0000700002fdb000],  sp=0x0000700002fd9a00,  free space=1018k
Native frames: (J=compiled Java code, j=interpreted, Vv=VM code, C=native code)
C  [libcalculator.so+0xe60]  Java_com_urbanojvr_jniexample_JavaCalculator_sayHello+0x30
C  [jna1979163403384941748.tmp+0xde74]  ffi_call_unix64+0x4c
C  0x0000700002fda4a8

Java frames: (J=compiled Java code, j=interpreted, Vv=VM code)
j  com.sun.jna.Native.invokePointer(Lcom/sun/jna/Function;JI[Ljava/lang/Object;)J+0
j  com.sun.jna.Function.invokePointer(I[Ljava/lang/Object;)Lcom/sun/jna/Pointer;+7
j  com.sun.jna.Function.invokeString(I[Ljava/lang/Object;Z)Ljava/lang/String;+3
j  com.sun.jna.Function.invoke([Ljava/lang/Object;Ljava/lang/Class;ZI)Ljava/lang/Object;+329
j  com.sun.jna.Function.invoke(Ljava/lang/reflect/Method;[Ljava/lang/Class;Ljava/lang/Class;[Ljava/lang/Object;Ljava/util/Map;)Ljava/lang/Object;+271
j  com.sun.jna.Library$Handler.invoke(Ljava/lang/Object;Ljava/lang/reflect/Method;[Ljava/lang/Object;)Ljava/lang/Object;+390
j  com.sun.proxy.$Proxy0.Java_com_urbanojvr_jniexample_JavaCalculator_sayHello(Ljava/lang/String;)Ljava/lang/String;+16
j  com.JNA.leo.jnaexample.JNAdemo.testJavaCalculatorFromJNIDemoButWithJNA()V+32
j  com.JNA.leo.jnaexample.JNAdemo.main([Ljava/lang/String;)V+0
v  ~StubRoutines::call_stub

---------------  P R O C E S S  ---------------

Java Threads: ( => current thread )
  0x00007fa17b800000 JavaThread "Service Thread" daemon [_thread_blocked, id=15619, stack(0x0000700004114000,0x0000700004214000)]
  0x00007fa17e807000 JavaThread "C1 CompilerThread3" daemon [_thread_blocked, id=15107, stack(0x0000700004011000,0x0000700004111000)]
  0x00007fa17e806800 JavaThread "C2 CompilerThread2" daemon [_thread_blocked, id=16643, stack(0x0000700003f0e000,0x000070000400e000)]
  0x00007fa17e007800 JavaThread "C2 CompilerThread1" daemon [_thread_blocked, id=17155, stack(0x0000700003e0b000,0x0000700003f0b000)]
  0x00007fa17e805800 JavaThread "C2 CompilerThread0" daemon [_thread_blocked, id=17411, stack(0x0000700003d08000,0x0000700003e08000)]
  0x00007fa17c017000 JavaThread "Signal Dispatcher" daemon [_thread_blocked, id=17667, stack(0x0000700003c05000,0x0000700003d05000)]
  0x00007fa17f000000 JavaThread "Finalizer" daemon [_thread_blocked, id=12035, stack(0x00007000039fc000,0x0000700003afc000)]
  0x00007fa17d805800 JavaThread "Reference Handler" daemon [_thread_blocked, id=19715, stack(0x00007000038f9000,0x00007000039f9000)]
=>0x00007fa17c003800 JavaThread "main" [_thread_in_native, id=3331, stack(0x0000700002edb000,0x0000700002fdb000)]

Other Threads:
  0x00007fa17b043800 VMThread [stack: 0x00007000037f6000,0x00007000038f6000] [id=11523]
  0x00007fa17c064000 WatcherThread [stack: 0x0000700004217000,0x0000700004317000] [id=16131]

VM state:not at safepoint (normal execution)

VM Mutex/Monitor currently owned by a thread: None

Heap:
 PSYoungGen      total 38400K, used 3406K [0x0000000795580000, 0x0000000798000000, 0x00000007c0000000)
  eden space 33280K, 10% used [0x0000000795580000,0x00000007958d3998,0x0000000797600000)
  from space 5120K, 0% used [0x0000000797b00000,0x0000000797b00000,0x0000000798000000)
  to   space 5120K, 0% used [0x0000000797600000,0x0000000797600000,0x0000000797b00000)
 ParOldGen       total 87552K, used 0K [0x0000000740000000, 0x0000000745580000, 0x0000000795580000)
  object space 87552K, 0% used [0x0000000740000000,0x0000000740000000,0x0000000745580000)
 Metaspace       used 4374K, capacity 4984K, committed 5120K, reserved 1056768K
  class space    used 485K, capacity 496K, committed 512K, reserved 1048576K

Card table byte_map: [0x000000010c362000,0x000000010c763000] byte_map_base: 0x0000000108962000

Marking Bits: (ParMarkBitMap*) 0x000000010b8f0d30
 Begin Bits: [0x000000010ca0e000, 0x000000010ea0e000)
 End Bits:   [0x000000010ea0e000, 0x0000000110a0e000)

Polling page: 0x0000000109e77000

CodeCache: size=245760Kb used=1348Kb max_used=1348Kb free=244411Kb
 bounds [0x0000000114063000, 0x00000001142d3000, 0x0000000123063000]
 total_blobs=415 nmethods=146 adapters=183
 compilation: enabled

Compilation events (10 events):
Event: 0.261 Thread 0x00007fa17e807000  142  s    3       java.util.Hashtable::get (69 bytes)
Event: 0.261 Thread 0x00007fa17e807000 nmethod 142 0x00000001141b1450 code [0x00000001141b1600, 0x00000001141b1c38]
Event: 0.261 Thread 0x00007fa17e807000  143       3       sun.net.www.ParseUtil::encodePath (336 bytes)
Event: 0.262 Thread 0x00007fa17e807000 nmethod 143 0x00000001141b1e90 code [0x00000001141b2100, 0x00000001141b30f8]
Event: 0.262 Thread 0x00007fa17e807000  144       3       java.lang.ref.Reference::<init> (25 bytes)
Event: 0.263 Thread 0x00007fa17e807000 nmethod 144 0x00000001141b3890 code [0x00000001141b3a00, 0x00000001141b3c70]
Event: 0.263 Thread 0x00007fa17e807000  145       3       java.lang.String::endsWith (17 bytes)
Event: 0.263 Thread 0x00007fa17e807000 nmethod 145 0x00000001141b3d50 code [0x00000001141b3ec0, 0x00000001141b40e8]
Event: 0.263 Thread 0x00007fa17e807000  146       1       java.net.URLStreamHandler::getDefaultPort (2 bytes)
Event: 0.263 Thread 0x00007fa17e807000 nmethod 146 0x00000001141b4210 code [0x00000001141b4360, 0x00000001141b4470]

GC Heap History (0 events):
No events

Deoptimization events (0 events):
No events

Internal exceptions (6 events):
Event: 0.039 Thread 0x00007fa17c003800 Exception <a 'java/lang/NoSuchMethodError': Method sun.misc.Unsafe.defineClass(Ljava/lang/String;[BII)Ljava/lang/Class; name or signature does not match> (0x0000000795587ca8) thrown at [/Users/java_re/workspace/8-2-build-macosx-x86_64/jdk8u121/8372/hotspo
Event: 0.039 Thread 0x00007fa17c003800 Exception <a 'java/lang/NoSuchMethodError': Method sun.misc.Unsafe.prefetchRead(Ljava/lang/Object;J)V name or signature does not match> (0x0000000795587f90) thrown at [/Users/java_re/workspace/8-2-build-macosx-x86_64/jdk8u121/8372/hotspot/src/share/vm/pri
Event: 0.151 Thread 0x00007fa17c003800 Exception <a 'java/security/PrivilegedActionException'> (0x0000000795739238) thrown at [/Users/java_re/workspace/8-2-build-macosx-x86_64/jdk8u121/8372/hotspot/src/share/vm/prims/jvm.cpp, line 1390]
Event: 0.151 Thread 0x00007fa17c003800 Exception <a 'java/security/PrivilegedActionException'> (0x0000000795739448) thrown at [/Users/java_re/workspace/8-2-build-macosx-x86_64/jdk8u121/8372/hotspot/src/share/vm/prims/jvm.cpp, line 1390]
Event: 0.151 Thread 0x00007fa17c003800 Exception <a 'java/security/PrivilegedActionException'> (0x000000079573c778) thrown at [/Users/java_re/workspace/8-2-build-macosx-x86_64/jdk8u121/8372/hotspot/src/share/vm/prims/jvm.cpp, line 1390]
Event: 0.151 Thread 0x00007fa17c003800 Exception <a 'java/security/PrivilegedActionException'> (0x000000079573c988) thrown at [/Users/java_re/workspace/8-2-build-macosx-x86_64/jdk8u121/8372/hotspot/src/share/vm/prims/jvm.cpp, line 1390]

Events (10 events):
Event: 0.262 loading class com/sun/jna/Function$PostCallRead
Event: 0.262 loading class com/sun/jna/Function$PostCallRead done
Event: 0.262 loading class com/sun/jna/NativeString
Event: 0.262 loading class com/sun/jna/NativeString done
Event: 0.263 loading class com/sun/jna/NativeString$StringMemory
Event: 0.263 loading class com/sun/jna/NativeString$StringMemory done
Event: 0.263 loading class com/sun/jna/Memory$SharedMemory
Event: 0.263 loading class com/sun/jna/Memory$SharedMemory done
Event: 0.264 loading class com/sun/jna/WeakMemoryHolder
Event: 0.264 loading class com/sun/jna/WeakMemoryHolder done


Dynamic libraries:
0x0000000013697000 	/System/Library/Frameworks/Cocoa.framework/Versions/A/Cocoa
0x0000000013697000 	/System/Library/Frameworks/Security.framework/Versions/A/Security
0x0000000013697000 	/System/Library/Frameworks/ApplicationServices.framework/Versions/A/ApplicationServices
0x0000000013697000 	/usr/lib/libz.1.dylib
0x0000000013697000 	/usr/lib/libSystem.B.dylib
0x0000000013697000 	/usr/lib/libobjc.A.dylib
0x0000000013697000 	/System/Library/Frameworks/CoreFoundation.framework/Versions/A/CoreFoundation
0x0000000013697000 	/System/Library/Frameworks/Foundation.framework/Versions/C/Foundation
0x0000000013697000 	/System/Library/Frameworks/AppKit.framework/Versions/C/AppKit
0x0000000013697000 	/System/Library/Frameworks/CoreData.framework/Versions/A/CoreData
0x0000000013697000 	/System/Library/PrivateFrameworks/UIFoundation.framework/Versions/A/UIFoundation
0x0000000013697000 	/System/Library/PrivateFrameworks/RemoteViewServices.framework/Versions/A/RemoteViewServices
0x0000000013697000 	/System/Library/PrivateFrameworks/XCTTargetBootstrap.framework/Versions/A/XCTTargetBootstrap
0x0000000013697000 	/System/Library/Frameworks/CoreDisplay.framework/Versions/A/CoreDisplay
0x0000000013697000 	/System/Library/Frameworks/Metal.framework/Versions/A/Metal
0x0000000013697000 	/System/Library/PrivateFrameworks/DesktopServicesPriv.framework/Versions/A/DesktopServicesPriv
0x0000000013697000 	/usr/lib/liblangid.dylib
0x0000000013697000 	/System/Library/PrivateFrameworks/CoreSVG.framework/Versions/A/CoreSVG
0x0000000013697000 	/System/Library/PrivateFrameworks/SkyLight.framework/Versions/A/SkyLight
0x0000000013697000 	/System/Library/Frameworks/CoreGraphics.framework/Versions/A/CoreGraphics
0x0000000013697000 	/System/Library/Frameworks/Accelerate.framework/Versions/A/Accelerate
0x0000000013697000 	/usr/lib/libxml2.2.dylib
0x0000000013697000 	/System/Library/PrivateFrameworks/IconServices.framework/Versions/A/IconServices
0x0000000013697000 	/System/Library/Frameworks/IOSurface.framework/Versions/A/IOSurface
0x0000000013697000 	/usr/lib/libDiagnosticMessagesClient.dylib
0x0000000013697000 	/System/Library/PrivateFrameworks/DFRFoundation.framework/Versions/A/DFRFoundation
0x0000000013697000 	/usr/lib/libicucore.A.dylib
0x0000000013697000 	/System/Library/Frameworks/AudioToolbox.framework/Versions/A/AudioToolbox
0x0000000013697000 	/System/Library/Frameworks/AudioUnit.framework/Versions/A/AudioUnit
0x0000000013697000 	/usr/lib/libauto.dylib
0x0000000013697000 	/System/Library/PrivateFrameworks/DataDetectorsCore.framework/Versions/A/DataDetectorsCore
0x0000000013697000 	/System/Library/Frameworks/Carbon.framework/Versions/A/Frameworks/HIToolbox.framework/Versions/A/HIToolbox
0x0000000013697000 	/System/Library/Frameworks/QuartzCore.framework/Versions/A/QuartzCore
0x0000000013697000 	/System/Library/Frameworks/Carbon.framework/Versions/A/Frameworks/SpeechRecognition.framework/Versions/A/SpeechRecognition
0x0000000013697000 	/System/Library/PrivateFrameworks/CoreUI.framework/Versions/A/CoreUI
0x0000000013697000 	/System/Library/Frameworks/CoreAudio.framework/Versions/A/CoreAudio
0x0000000013697000 	/System/Library/Frameworks/DiskArbitration.framework/Versions/A/DiskArbitration
0x0000000013697000 	/System/Library/PrivateFrameworks/MultitouchSupport.framework/Versions/A/MultitouchSupport
0x0000000013697000 	/usr/lib/libenergytrace.dylib
0x0000000013697000 	/System/Library/Frameworks/IOKit.framework/Versions/A/IOKit
0x0000000013697000 	/System/Library/Frameworks/CoreServices.framework/Versions/A/CoreServices
0x0000000013697000 	/System/Library/PrivateFrameworks/PerformanceAnalysis.framework/Versions/A/PerformanceAnalysis
0x0000000013697000 	/System/Library/Frameworks/OpenGL.framework/Versions/A/OpenGL
0x0000000013697000 	/System/Library/Frameworks/ColorSync.framework/Versions/A/ColorSync
0x0000000013697000 	/System/Library/Frameworks/CoreImage.framework/Versions/A/CoreImage
0x0000000013697000 	/System/Library/Frameworks/CoreText.framework/Versions/A/CoreText
0x0000000013697000 	/System/Library/Frameworks/ImageIO.framework/Versions/A/ImageIO
0x0000000013697000 	/usr/lib/libc++.1.dylib
0x0000000013697000 	/usr/lib/libcompression.dylib
0x0000000013697000 	/usr/lib/libMobileGestalt.dylib
0x0000000013697000 	/System/Library/PrivateFrameworks/TextureIO.framework/Versions/A/TextureIO
0x0000000013697000 	/usr/lib/libate.dylib
0x0000000013697000 	/System/Library/PrivateFrameworks/InternationalSupport.framework/Versions/A/InternationalSupport
0x0000000013697000 	/usr/lib/system/libcache.dylib
0x0000000013697000 	/usr/lib/system/libcommonCrypto.dylib
0x0000000013697000 	/usr/lib/system/libcompiler_rt.dylib
0x0000000013697000 	/usr/lib/system/libcopyfile.dylib
0x0000000013697000 	/usr/lib/system/libcorecrypto.dylib
0x0000000013697000 	/usr/lib/system/libdispatch.dylib
0x0000000013697000 	/usr/lib/system/libdyld.dylib
0x0000000013697000 	/usr/lib/system/libkeymgr.dylib
0x0000000013697000 	/usr/lib/system/liblaunch.dylib
0x0000000013697000 	/usr/lib/system/libmacho.dylib
0x0000000013697000 	/usr/lib/system/libquarantine.dylib
0x0000000013697000 	/usr/lib/system/libremovefile.dylib
0x0000000013697000 	/usr/lib/system/libsystem_asl.dylib
0x0000000013697000 	/usr/lib/system/libsystem_blocks.dylib
0x0000000013697000 	/usr/lib/system/libsystem_c.dylib
0x0000000013697000 	/usr/lib/system/libsystem_configuration.dylib
0x0000000013697000 	/usr/lib/system/libsystem_coreservices.dylib
0x0000000013697000 	/usr/lib/system/libsystem_darwin.dylib
0x0000000013697000 	/usr/lib/system/libsystem_dnssd.dylib
0x0000000013697000 	/usr/lib/system/libsystem_featureflags.dylib
0x0000000013697000 	/usr/lib/system/libsystem_info.dylib
0x0000000013697000 	/usr/lib/system/libsystem_m.dylib
0x0000000013697000 	/usr/lib/system/libsystem_malloc.dylib
0x0000000013697000 	/usr/lib/system/libsystem_networkextension.dylib
0x0000000013697000 	/usr/lib/system/libsystem_notify.dylib
0x0000000013697000 	/usr/lib/system/libsystem_sandbox.dylib
0x0000000013697000 	/usr/lib/system/libsystem_secinit.dylib
0x0000000013697000 	/usr/lib/system/libsystem_kernel.dylib
0x0000000013697000 	/usr/lib/system/libsystem_platform.dylib
0x0000000013697000 	/usr/lib/system/libsystem_pthread.dylib
0x0000000013697000 	/usr/lib/system/libsystem_symptoms.dylib
0x0000000013697000 	/usr/lib/system/libsystem_trace.dylib
0x0000000013697000 	/usr/lib/system/libunwind.dylib
0x0000000013697000 	/usr/lib/system/libxpc.dylib
0x0000000013697000 	/usr/lib/libc++abi.dylib
0x0000000013697000 	/usr/lib/liblzma.5.dylib
0x0000000013697000 	/usr/lib/libfakelink.dylib
0x0000000013697000 	/usr/lib/libarchive.2.dylib
0x0000000013697000 	/System/Library/Frameworks/SystemConfiguration.framework/Versions/A/SystemConfiguration
0x0000000013697000 	/usr/lib/libCRFSuite.dylib
0x0000000013697000 	/System/Library/Frameworks/CFNetwork.framework/Versions/A/CFNetwork
0x0000000013697000 	/usr/lib/libbsm.0.dylib
0x0000000013697000 	/usr/lib/system/libkxld.dylib
0x0000000013697000 	/System/Library/PrivateFrameworks/AppleFSCompression.framework/Versions/A/AppleFSCompression
0x0000000013697000 	/usr/lib/libcoretls.dylib
0x0000000013697000 	/usr/lib/libcoretls_cfhelpers.dylib
0x0000000013697000 	/usr/lib/libpam.2.dylib
0x0000000013697000 	/usr/lib/libsqlite3.dylib
0x0000000013697000 	/usr/lib/libxar.1.dylib
0x0000000013697000 	/usr/lib/libbz2.1.0.dylib
0x0000000013697000 	/usr/lib/libiconv.2.dylib
0x0000000013697000 	/usr/lib/libcharset.1.dylib
0x0000000013697000 	/usr/lib/libnetwork.dylib
0x0000000013697000 	/usr/lib/libpcap.A.dylib
0x0000000013697000 	/usr/lib/libapple_nghttp2.dylib
0x0000000013697000 	/System/Library/Frameworks/CoreServices.framework/Versions/A/Frameworks/FSEvents.framework/Versions/A/FSEvents
0x0000000013697000 	/System/Library/Frameworks/CoreServices.framework/Versions/A/Frameworks/CarbonCore.framework/Versions/A/CarbonCore
0x0000000013697000 	/System/Library/Frameworks/CoreServices.framework/Versions/A/Frameworks/Metadata.framework/Versions/A/Metadata
0x0000000013697000 	/System/Library/Frameworks/CoreServices.framework/Versions/A/Frameworks/OSServices.framework/Versions/A/OSServices
0x0000000013697000 	/System/Library/Frameworks/CoreServices.framework/Versions/A/Frameworks/SearchKit.framework/Versions/A/SearchKit
0x0000000013697000 	/System/Library/Frameworks/CoreServices.framework/Versions/A/Frameworks/AE.framework/Versions/A/AE
0x0000000013697000 	/System/Library/Frameworks/CoreServices.framework/Versions/A/Frameworks/LaunchServices.framework/Versions/A/LaunchServices
0x0000000013697000 	/System/Library/Frameworks/CoreServices.framework/Versions/A/Frameworks/DictionaryServices.framework/Versions/A/DictionaryServices
0x0000000013697000 	/System/Library/Frameworks/CoreServices.framework/Versions/A/Frameworks/SharedFileList.framework/Versions/A/SharedFileList
0x0000000013697000 	/System/Library/Frameworks/NetFS.framework/Versions/A/NetFS
0x0000000013697000 	/System/Library/PrivateFrameworks/NetAuth.framework/Versions/A/NetAuth
0x0000000013697000 	/System/Library/PrivateFrameworks/login.framework/Versions/A/Frameworks/loginsupport.framework/Versions/A/loginsupport
0x0000000013697000 	/System/Library/PrivateFrameworks/TCC.framework/Versions/A/TCC
0x0000000013697000 	/System/Library/PrivateFrameworks/CoreNLP.framework/Versions/A/CoreNLP
0x0000000013697000 	/System/Library/PrivateFrameworks/MetadataUtilities.framework/Versions/A/MetadataUtilities
0x0000000013697000 	/usr/lib/libmecabra.dylib
0x0000000013697000 	/usr/lib/libmecab.dylib
0x0000000013697000 	/usr/lib/libgermantok.dylib
0x0000000013697000 	/usr/lib/libThaiTokenizer.dylib
0x0000000013697000 	/usr/lib/libChineseTokenizer.dylib
0x0000000013697000 	/System/Library/Frameworks/Accelerate.framework/Versions/A/Frameworks/vImage.framework/Versions/A/vImage
0x0000000013697000 	/System/Library/Frameworks/Accelerate.framework/Versions/A/Frameworks/vecLib.framework/Versions/A/vecLib
0x0000000013697000 	/System/Library/Frameworks/Accelerate.framework/Versions/A/Frameworks/vecLib.framework/Versions/A/libvMisc.dylib
0x0000000013697000 	/System/Library/Frameworks/Accelerate.framework/Versions/A/Frameworks/vecLib.framework/Versions/A/libvDSP.dylib
0x0000000013697000 	/System/Library/Frameworks/Accelerate.framework/Versions/A/Frameworks/vecLib.framework/Versions/A/libBLAS.dylib
0x0000000013697000 	/System/Library/Frameworks/Accelerate.framework/Versions/A/Frameworks/vecLib.framework/Versions/A/libLAPACK.dylib
0x0000000013697000 	/System/Library/Frameworks/Accelerate.framework/Versions/A/Frameworks/vecLib.framework/Versions/A/libLinearAlgebra.dylib
0x0000000013697000 	/System/Library/Frameworks/Accelerate.framework/Versions/A/Frameworks/vecLib.framework/Versions/A/libSparseBLAS.dylib
0x0000000013697000 	/System/Library/Frameworks/Accelerate.framework/Versions/A/Frameworks/vecLib.framework/Versions/A/libQuadrature.dylib
0x0000000013697000 	/System/Library/Frameworks/Accelerate.framework/Versions/A/Frameworks/vecLib.framework/Versions/A/libBNNS.dylib
0x0000000013697000 	/System/Library/Frameworks/Accelerate.framework/Versions/A/Frameworks/vecLib.framework/Versions/A/libSparse.dylib
0x0000000013697000 	/System/Library/PrivateFrameworks/LanguageModeling.framework/Versions/A/LanguageModeling
0x0000000013697000 	/System/Library/PrivateFrameworks/CoreEmoji.framework/Versions/A/CoreEmoji
0x0000000013697000 	/System/Library/PrivateFrameworks/LinguisticData.framework/Versions/A/LinguisticData
0x0000000013697000 	/System/Library/PrivateFrameworks/Lexicon.framework/Versions/A/Lexicon
0x0000000013697000 	/usr/lib/libcmph.dylib
0x0000000013697000 	/System/Library/Frameworks/OpenDirectory.framework/Versions/A/Frameworks/CFOpenDirectory.framework/Versions/A/CFOpenDirectory
0x0000000013697000 	/System/Library/Frameworks/OpenDirectory.framework/Versions/A/OpenDirectory
0x0000000013697000 	/System/Library/PrivateFrameworks/APFS.framework/Versions/A/APFS
0x0000000013697000 	/System/Library/Frameworks/SecurityFoundation.framework/Versions/A/SecurityFoundation
0x0000000013697000 	/usr/lib/libutil.dylib
0x0000000013697000 	/System/Library/PrivateFrameworks/CoreServicesStore.framework/Versions/A/CoreServicesStore
0x0000000013697000 	/System/Library/Frameworks/ServiceManagement.framework/Versions/A/ServiceManagement
0x0000000013697000 	/System/Library/PrivateFrameworks/BackgroundTaskManagement.framework/Versions/A/BackgroundTaskManagement
0x0000000013697000 	/usr/lib/libxslt.1.dylib
0x0000000013697000 	/System/Library/PrivateFrameworks/AppleSystemInfo.framework/Versions/A/AppleSystemInfo
0x0000000013697000 	/System/Library/Frameworks/ImageIO.framework/Versions/A/Resources/libJPEG.dylib
0x0000000013697000 	/System/Library/Frameworks/ImageIO.framework/Versions/A/Resources/libTIFF.dylib
0x0000000013697000 	/System/Library/Frameworks/ImageIO.framework/Versions/A/Resources/libPng.dylib
0x0000000013697000 	/System/Library/Frameworks/ImageIO.framework/Versions/A/Resources/libGIF.dylib
0x0000000013697000 	/System/Library/Frameworks/ImageIO.framework/Versions/A/Resources/libJP2.dylib
0x0000000013697000 	/System/Library/Frameworks/ImageIO.framework/Versions/A/Resources/libRadiance.dylib
0x0000000013697000 	/usr/lib/libexpat.1.dylib
0x0000000013697000 	/System/Library/PrivateFrameworks/AppleJPEG.framework/Versions/A/AppleJPEG
0x0000000013697000 	/System/Library/PrivateFrameworks/FontServices.framework/libFontParser.dylib
0x0000000013697000 	/System/Library/PrivateFrameworks/WatchdogClient.framework/Versions/A/WatchdogClient
0x0000000013697000 	/System/Library/PrivateFrameworks/IOAccelerator.framework/Versions/A/IOAccelerator
0x0000000013697000 	/System/Library/Frameworks/MetalPerformanceShaders.framework/Versions/A/MetalPerformanceShaders
0x0000000013697000 	/System/Library/PrivateFrameworks/GPUWrangler.framework/Versions/A/GPUWrangler
0x0000000013697000 	/System/Library/PrivateFrameworks/IOPresentment.framework/Versions/A/IOPresentment
0x0000000013697000 	/System/Library/PrivateFrameworks/DSExternalDisplay.framework/Versions/A/DSExternalDisplay
0x0000000013697000 	/System/Library/Frameworks/OpenGL.framework/Versions/A/Libraries/libCoreFSCache.dylib
0x0000000013697000 	/System/Library/Frameworks/MetalPerformanceShaders.framework/Frameworks/MPSCore.framework/Versions/A/MPSCore
0x0000000013697000 	/System/Library/Frameworks/MetalPerformanceShaders.framework/Frameworks/MPSImage.framework/Versions/A/MPSImage
0x0000000013697000 	/System/Library/Frameworks/MetalPerformanceShaders.framework/Frameworks/MPSNeuralNetwork.framework/Versions/A/MPSNeuralNetwork
0x0000000013697000 	/System/Library/Frameworks/MetalPerformanceShaders.framework/Frameworks/MPSMatrix.framework/Versions/A/MPSMatrix
0x0000000013697000 	/System/Library/Frameworks/MetalPerformanceShaders.framework/Frameworks/MPSRayIntersector.framework/Versions/A/MPSRayIntersector
0x0000000013697000 	/System/Library/Frameworks/MetalPerformanceShaders.framework/Frameworks/MPSNDArray.framework/Versions/A/MPSNDArray
0x0000000013697000 	/System/Library/PrivateFrameworks/MetalTools.framework/Versions/A/MetalTools
0x0000000013697000 	/System/Library/PrivateFrameworks/AggregateDictionary.framework/Versions/A/AggregateDictionary
0x0000000013697000 	/System/Library/PrivateFrameworks/CoreAnalytics.framework/Versions/A/CoreAnalytics
0x0000000013697000 	/System/Library/PrivateFrameworks/AppleSauce.framework/Versions/A/AppleSauce
0x0000000013697000 	/usr/lib/libIOReport.dylib
0x0000000013697000 	/System/Library/Frameworks/CoreVideo.framework/Versions/A/CoreVideo
0x0000000013697000 	/System/Library/PrivateFrameworks/GraphVisualizer.framework/Versions/A/GraphVisualizer
0x0000000013697000 	/System/Library/PrivateFrameworks/FaceCore.framework/Versions/A/FaceCore
0x0000000013697000 	/System/Library/Frameworks/OpenCL.framework/Versions/A/OpenCL
0x0000000013697000 	/usr/lib/libFosl_dynamic.dylib
0x0000000013697000 	/System/Library/PrivateFrameworks/OTSVG.framework/Versions/A/OTSVG
0x0000000013697000 	/System/Library/Frameworks/ApplicationServices.framework/Versions/A/Frameworks/ATS.framework/Versions/A/Resources/libFontRegistry.dylib
0x0000000013697000 	/System/Library/PrivateFrameworks/FontServices.framework/libhvf.dylib
0x0000000013697000 	/System/Library/Frameworks/OpenGL.framework/Versions/A/Libraries/libGFXShared.dylib
0x0000000013697000 	/System/Library/Frameworks/OpenGL.framework/Versions/A/Libraries/libGLU.dylib
0x0000000013697000 	/System/Library/Frameworks/OpenGL.framework/Versions/A/Libraries/libGL.dylib
0x0000000013697000 	/System/Library/Frameworks/OpenGL.framework/Versions/A/Libraries/libGLImage.dylib
0x0000000013697000 	/System/Library/Frameworks/OpenGL.framework/Versions/A/Libraries/libCVMSPluginSupport.dylib
0x0000000013697000 	/System/Library/Frameworks/OpenGL.framework/Versions/A/Libraries/libCoreVMClient.dylib
0x0000000013697000 	/usr/lib/libncurses.5.4.dylib
0x0000000013697000 	/System/Library/Frameworks/ApplicationServices.framework/Versions/A/Frameworks/ATS.framework/Versions/A/ATS
0x0000000013697000 	/System/Library/Frameworks/ApplicationServices.framework/Versions/A/Frameworks/ColorSyncLegacy.framework/Versions/A/ColorSyncLegacy
0x0000000013697000 	/System/Library/Frameworks/ApplicationServices.framework/Versions/A/Frameworks/HIServices.framework/Versions/A/HIServices
0x0000000013697000 	/System/Library/Frameworks/ApplicationServices.framework/Versions/A/Frameworks/LangAnalysis.framework/Versions/A/LangAnalysis
0x0000000013697000 	/System/Library/Frameworks/ApplicationServices.framework/Versions/A/Frameworks/PrintCore.framework/Versions/A/PrintCore
0x0000000013697000 	/System/Library/Frameworks/ApplicationServices.framework/Versions/A/Frameworks/QD.framework/Versions/A/QD
0x0000000013697000 	/System/Library/Frameworks/ApplicationServices.framework/Versions/A/Frameworks/SpeechSynthesis.framework/Versions/A/SpeechSynthesis
0x0000000013697000 	/System/Library/Frameworks/ApplicationServices.framework/Versions/A/Frameworks/ATSUI.framework/Versions/A/ATSUI
0x0000000013697000 	/usr/lib/libcups.2.dylib
0x0000000013697000 	/System/Library/Frameworks/Kerberos.framework/Versions/A/Kerberos
0x0000000013697000 	/System/Library/Frameworks/GSS.framework/Versions/A/GSS
0x0000000013697000 	/usr/lib/libresolv.9.dylib
0x0000000013697000 	/System/Library/PrivateFrameworks/Heimdal.framework/Versions/A/Heimdal
0x0000000013697000 	/System/Library/Frameworks/Kerberos.framework/Versions/A/Libraries/libHeimdalProxy.dylib
0x0000000013697000 	/usr/lib/libheimdal-asn1.dylib
0x0000000013697000 	/System/Library/PrivateFrameworks/CommonAuth.framework/Versions/A/CommonAuth
0x0000000013697000 	/System/Library/PrivateFrameworks/AssertionServices.framework/Versions/A/AssertionServices
0x0000000013697000 	/System/Library/PrivateFrameworks/AudioToolboxCore.framework/Versions/A/AudioToolboxCore
0x0000000013697000 	/System/Library/PrivateFrameworks/caulk.framework/Versions/A/caulk
0x0000000013697000 	/System/Library/PrivateFrameworks/BaseBoard.framework/Versions/A/BaseBoard
0x0000000013697000 	/System/Library/PrivateFrameworks/RunningBoardServices.framework/Versions/A/RunningBoardServices
0x0000000013697000 	/System/Library/PrivateFrameworks/PersistentConnection.framework/Versions/A/PersistentConnection
0x0000000013697000 	/System/Library/PrivateFrameworks/ProtocolBuffer.framework/Versions/A/ProtocolBuffer
0x0000000013697000 	/System/Library/PrivateFrameworks/CommonUtilities.framework/Versions/A/CommonUtilities
0x0000000013697000 	/System/Library/PrivateFrameworks/Bom.framework/Versions/A/Bom
0x0000000013697000 	/usr/lib/libAudioToolboxUtility.dylib
0x0000000013697000 	/System/Library/PrivateFrameworks/Backup.framework/Versions/A/Backup
0x0000000013697000 	/System/Library/PrivateFrameworks/CrashReporterSupport.framework/Versions/A/CrashReporterSupport
0x0000000013697000 	/System/Library/PrivateFrameworks/Sharing.framework/Versions/A/Sharing
0x0000000013697000 	/System/Library/PrivateFrameworks/Apple80211.framework/Versions/A/Apple80211
0x0000000013697000 	/System/Library/PrivateFrameworks/AuthKit.framework/Versions/A/AuthKit
0x0000000013697000 	/System/Library/PrivateFrameworks/CoreUtils.framework/Versions/A/CoreUtils
0x0000000013697000 	/System/Library/Frameworks/CoreWLAN.framework/Versions/A/CoreWLAN
0x0000000013697000 	/System/Library/Frameworks/IOBluetooth.framework/Versions/A/IOBluetooth
0x0000000013697000 	/System/Library/PrivateFrameworks/MobileKeyBag.framework/Versions/A/MobileKeyBag
0x0000000013697000 	/System/Library/PrivateFrameworks/CorePhoneNumbers.framework/Versions/A/CorePhoneNumbers
0x0000000013697000 	/System/Library/PrivateFrameworks/AppleIDAuthSupport.framework/Versions/A/AppleIDAuthSupport
0x0000000013697000 	/System/Library/Frameworks/Network.framework/Versions/A/Network
0x0000000013697000 	/System/Library/PrivateFrameworks/KeychainCircle.framework/Versions/A/KeychainCircle
0x0000000013697000 	/System/Library/Frameworks/CoreBluetooth.framework/Versions/A/CoreBluetooth
0x0000000013697000 	/System/Library/PrivateFrameworks/SpeechRecognitionCore.framework/Versions/A/SpeechRecognitionCore
0x000000010b000000 	/Library/Java/JavaVirtualMachines/jdk1.8.0_121.jdk/Contents/Home/jre/lib/server/libjvm.dylib
0x0000000013697000 	/usr/lib/libstdc++.6.dylib
0x0000000109e34000 	/Library/Java/JavaVirtualMachines/jdk1.8.0_121.jdk/Contents/Home/jre/lib/libverify.dylib
0x0000000109e42000 	/Library/Java/JavaVirtualMachines/jdk1.8.0_121.jdk/Contents/Home/jre/lib/libjava.dylib
0x0000000109ec1000 	/Library/Java/JavaVirtualMachines/jdk1.8.0_121.jdk/Contents/Home/jre/lib/libzip.dylib
0x0000000013697000 	/System/Library/Frameworks/JavaVM.framework/Versions/A/Frameworks/JavaRuntimeSupport.framework/Versions/A/JavaRuntimeSupport
0x0000000013697000 	/System/Library/Frameworks/JavaVM.framework/Versions/A/Frameworks/JavaNativeFoundation.framework/Versions/A/JavaNativeFoundation
0x0000000013697000 	/System/Library/Frameworks/JavaVM.framework/Versions/A/JavaVM
0x0000000013697000 	/System/Library/Frameworks/Carbon.framework/Versions/A/Carbon
0x0000000013697000 	/System/Library/PrivateFrameworks/CoreSymbolication.framework/Versions/A/CoreSymbolication
0x0000000013697000 	/System/Library/PrivateFrameworks/JavaLaunching.framework/Versions/A/JavaLaunching
0x0000000013697000 	/System/Library/Frameworks/Carbon.framework/Versions/A/Frameworks/CommonPanels.framework/Versions/A/CommonPanels
0x0000000013697000 	/System/Library/Frameworks/Carbon.framework/Versions/A/Frameworks/Help.framework/Versions/A/Help
0x0000000013697000 	/System/Library/Frameworks/Carbon.framework/Versions/A/Frameworks/ImageCapture.framework/Versions/A/ImageCapture
0x0000000013697000 	/System/Library/Frameworks/Carbon.framework/Versions/A/Frameworks/OpenScripting.framework/Versions/A/OpenScripting
0x0000000013697000 	/System/Library/Frameworks/Carbon.framework/Versions/A/Frameworks/Ink.framework/Versions/A/Ink
0x0000000013697000 	/System/Library/Frameworks/Carbon.framework/Versions/A/Frameworks/Print.framework/Versions/A/Print
0x0000000013697000 	/System/Library/Frameworks/Carbon.framework/Versions/A/Frameworks/SecurityHI.framework/Versions/A/SecurityHI
0x0000000013697000 	/System/Library/PrivateFrameworks/DebugSymbols.framework/Versions/A/DebugSymbols
0x00000001134af000 	/Users/Leo/Library/Caches/JNA/temp/jna1979163403384941748.tmp
0x00000001134c5000 	/Users/Leo/Documents/EclipseProjects/JNI-JNA-Demo/src/main/java/com/urbanojvr/jniexample/libcalculator.so

VM Arguments:
jvm_args: -Dfile.encoding=UTF-8 
java_command: com.JNA.leo.jnaexample.JNAdemo
java_class_path (initial): /Users/Leo/Documents/EclipseProjects/JNI-JNA-Demo/target/classes:/Users/Leo/.m2/repository/net/java/dev/jna/jna/5.5.0/jna-5.5.0.jar
Launcher Type: SUN_STANDARD

Environment Variables:
PATH=/usr/bin:/bin:/usr/sbin:/sbin
SHELL=/bin/bash

Signal Handlers:
SIGSEGV: [libjvm.dylib+0x5b1141], sa_mask[0]=11111111011111110111111111111111, sa_flags=SA_ONSTACK|SA_RESTART|SA_SIGINFO
SIGBUS: [libjvm.dylib+0x5b1141], sa_mask[0]=11111111011111110111111111111111, sa_flags=SA_RESTART|SA_SIGINFO
SIGFPE: [libjvm.dylib+0x487bc4], sa_mask[0]=11111111011111110111111111111111, sa_flags=SA_RESTART|SA_SIGINFO
SIGPIPE: [libjvm.dylib+0x487bc4], sa_mask[0]=11111111011111110111111111111111, sa_flags=SA_RESTART|SA_SIGINFO
SIGXFSZ: [libjvm.dylib+0x487bc4], sa_mask[0]=11111111011111110111111111111111, sa_flags=SA_RESTART|SA_SIGINFO
SIGILL: [libjvm.dylib+0x487bc4], sa_mask[0]=11111111011111110111111111111111, sa_flags=SA_RESTART|SA_SIGINFO
SIGUSR1: SIG_DFL, sa_mask[0]=00000000000000000000000000000000, sa_flags=none
SIGUSR2: [libjvm.dylib+0x4876e2], sa_mask[0]=00100000000000000000000000000000, sa_flags=SA_RESTART|SA_SIGINFO
SIGHUP: [libjvm.dylib+0x485cb9], sa_mask[0]=11111111011111110111111111111111, sa_flags=SA_RESTART|SA_SIGINFO
SIGINT: [libjvm.dylib+0x485cb9], sa_mask[0]=11111111011111110111111111111111, sa_flags=SA_RESTART|SA_SIGINFO
SIGTERM: [libjvm.dylib+0x485cb9], sa_mask[0]=11111111011111110111111111111111, sa_flags=SA_RESTART|SA_SIGINFO
SIGQUIT: [libjvm.dylib+0x485cb9], sa_mask[0]=11111111011111110111111111111111, sa_flags=SA_RESTART|SA_SIGINFO


---------------  S Y S T E M  ---------------

OS:Bsduname:Darwin 19.0.0 Darwin Kernel Version 19.0.0: Thu Oct 17 16:17:15 PDT 2019; root:xnu-6153.41.3~29/RELEASE_X86_64 x86_64
rlimit: STACK 8192k, CORE 0k, NPROC 1392, NOFILE 10240, AS infinity
load average:1.56 1.81 1.75

CPU:total 8 (4 cores per cpu, 2 threads per core) family 6 model 58 stepping 9, cmov, cx8, fxsr, mmx, sse, sse2, sse3, ssse3, sse4.1, sse4.2, popcnt, avx, aes, clmul, erms, ht, tsc, tscinvbit, tscinv

Memory: 4k page, physical 8388608k(17768k free)

/proc/meminfo:


vm_info: Java HotSpot(TM) 64-Bit Server VM (25.121-b13) for bsd-amd64 JRE (1.8.0_121-b13), built on Dec 12 2016 20:39:32 by "java_re" with gcc 4.2.1 (Based on Apple Inc. build 5658) (LLVM build 2336.11.00)

time: Mon Apr  6 02:23:15 2020
elapsed time: 0 seconds (0d 0h 0m 0s)

